<?xml version="1.0" encoding="UTF-8"?>
<!-- Generated by org.testng.reporters.JUnitReportReporter -->
<testsuite hostname="chethan" failures="0" tests="2" name="com.automation.tests.BookListTest" time="15.806" errors="0" timestamp="2025-04-05T17:30:16 IST" skipped="0">
  <testcase classname="com.automation.tests.BookListTest" name="getBookList" time="7.207"/>
  <testcase classname="com.automation.tests.BookListTest" name="getBookList" time="8.599"/>
</testsuite> <!-- com.automation.tests.BookListTest -->
