<?xml version="1.0" encoding="UTF-8"?>
<!-- Generated by org.testng.reporters.JUnitReportReporter -->
<testsuite hostname="chethan" failures="0" tests="12" name="com.orangehrm.test.LoginTest" time="146.484" errors="0" timestamp="2025-04-13T19:30:11 IST" skipped="0">
  <testcase classname="com.orangehrm.test.LoginTest" name="testValidLogin" time="22.408"/>
  <testcase classname="com.orangehrm.test.LoginTest" name="testValidLogin" time="18.821"/>
  <testcase classname="com.orangehrm.test.LoginTest" name="testInvalidPassword" time="19.789"/>
  <testcase classname="com.orangehrm.test.LoginTest" name="testInvalidPassword" time="18.570"/>
  <testcase classname="com.orangehrm.test.LoginTest" name="testInvalidUsername" time="8.107"/>
  <testcase classname="com.orangehrm.test.LoginTest" name="testInvalidUsername" time="10.275"/>
  <testcase classname="com.orangehrm.test.LoginTest" name="testEmptyPasswordField" time="8.571"/>
  <testcase classname="com.orangehrm.test.LoginTest" name="testEmptyPasswordField" time="9.555"/>
  <testcase classname="com.orangehrm.test.LoginTest" name="testEmptyUsername" time="6.274"/>
  <testcase classname="com.orangehrm.test.LoginTest" name="testEmptyUsername" time="8.608"/>
  <testcase classname="com.orangehrm.test.LoginTest" name="testEmptyCredentials" time="9.521"/>
  <testcase classname="com.orangehrm.test.LoginTest" name="testEmptyCredentials" time="5.985"/>
</testsuite> <!-- com.orangehrm.test.LoginTest -->
