<?xml version="1.0" encoding="UTF-8"?>
<!-- Generated by org.testng.reporters.JUnitReportReporter -->
<testsuite hostname="chethan" failures="0" tests="1" name="com.automation.tests.GoogleSearchTest" time="3.730" errors="0" timestamp="2025-03-29T14:24:09 IST" skipped="0">
  <testcase classname="com.automation.tests.GoogleSearchTest" name="searchTest" time="3.730"/>
</testsuite> <!-- com.automation.tests.GoogleSearchTest -->
