<?xml version="1.0" encoding="UTF-8"?>
<!-- Generated by org.testng.reporters.JUnitReportReporter -->
<testsuite hostname="chethan" failures="0" tests="1" name="com.restapi.test.CreateUserTest" time="8.104" errors="0" timestamp="2025-04-26T00:05:27 IST" skipped="0">
  <testcase classname="com.restapi.test.CreateUserTest" name="createUser" time="8.104"/>
</testsuite> <!-- com.restapi.test.CreateUserTest -->
