<?xml version="1.0" encoding="UTF-8"?>
<!-- Generated by org.testng.reporters.JUnitReportReporter -->
<testsuite hostname="INLEN8520082468" failures="0" tests="1" name="com.automation.tests.BookListTest" time="17.119" errors="0" timestamp="2025-04-16T12:26:40 IST" skipped="0">
  <testcase classname="com.automation.tests.BookListTest" name="getBookList" time="17.119"/>
</testsuite> <!-- com.automation.tests.BookListTest -->
