<?xml version="1.0" encoding="UTF-8"?>
<!-- Generated by org.testng.reporters.JUnitReportReporter -->
<testsuite hostname="chethan" failures="0" tests="1" name="com.orangehrm.test.LoginTest" time="11.453" errors="0" timestamp="2025-05-07T20:15:39 IST" skipped="0">
  <testcase classname="com.orangehrm.test.LoginTest" name="testValidLogin" time="11.453"/>
</testsuite> <!-- com.orangehrm.test.LoginTest -->
