<?xml version="1.0" encoding="UTF-8"?>
<!-- Generated by org.testng.reporters.JUnitReportReporter -->
<testsuite hostname="chethan" failures="0" tests="2" name="com.automation.tests.BookListTest" time="23.090" errors="0" timestamp="2025-04-04T01:17:39 IST" skipped="0">
  <testcase classname="com.automation.tests.BookListTest" name="getBookList" time="12.251"/>
  <testcase classname="com.automation.tests.BookListTest" name="getBookList" time="10.839"/>
</testsuite> <!-- com.automation.tests.BookListTest -->
