<?xml version="1.0" encoding="UTF-8"?>
<!-- Generated by org.testng.reporters.JUnitReportReporter -->
<testsuite hostname="chethan" failures="0" tests="1" name="mobile.tests.LoginTest" time="26.156" errors="0" timestamp="2025-05-01T11:37:56 IST" skipped="0">
  <testcase classname="mobile.tests.LoginTest" name="testLogin" time="26.156"/>
</testsuite> <!-- mobile.tests.LoginTest -->
