<?xml version="1.0" encoding="UTF-8"?>
<!-- Generated by org.testng.reporters.JUnitReportReporter -->
<testsuite hostname="chethan" failures="0" tests="1" name="com.restapi.test.GetAllBooks" time="5.306" errors="0" timestamp="2025-04-27T08:58:45 IST" skipped="0">
  <testcase classname="com.restapi.test.GetAllBooks" name="getAllBooks" time="5.306"/>
</testsuite> <!-- com.restapi.test.GetAllBooks -->
