<?xml version="1.0" encoding="UTF-8"?>
<!-- Generated by org.testng.reporters.JUnitReportReporter -->
<testsuite hostname="INLEN8520082468" failures="0" tests="1" name="com.automation.tests.AlertsTest" time="60.855" errors="0" timestamp="2025-04-17T20:00:13 IST" skipped="0">
  <testcase classname="com.automation.tests.AlertsTest" name="testAlerts" time="60.855"/>
</testsuite> <!-- com.automation.tests.AlertsTest -->
