<?xml version="1.0" encoding="UTF-8"?>
<!-- Generated by org.testng.reporters.JUnitReportReporter -->
<testsuite hostname="INLEN8520082468" failures="0" tests="12" name="com.orangehrm.test.LoginTest" time="128.316" errors="0" timestamp="2025-04-24T15:17:24 IST" skipped="0">
  <testcase classname="com.orangehrm.test.LoginTest" name="testValidLogin" time="11.150"/>
  <testcase classname="com.orangehrm.test.LoginTest" name="testValidLogin" time="12.871"/>
  <testcase classname="com.orangehrm.test.LoginTest" name="testInvalidPassword" time="17.216"/>
  <testcase classname="com.orangehrm.test.LoginTest" name="testInvalidPassword" time="9.159"/>
  <testcase classname="com.orangehrm.test.LoginTest" name="testInvalidUsername" time="9.128"/>
  <testcase classname="com.orangehrm.test.LoginTest" name="testInvalidUsername" time="8.784"/>
  <testcase classname="com.orangehrm.test.LoginTest" name="testEmptyPasswordField" time="7.744"/>
  <testcase classname="com.orangehrm.test.LoginTest" name="testEmptyPasswordField" time="7.675"/>
  <testcase classname="com.orangehrm.test.LoginTest" name="testEmptyUsername" time="23.333"/>
  <testcase classname="com.orangehrm.test.LoginTest" name="testEmptyUsername" time="8.022"/>
  <testcase classname="com.orangehrm.test.LoginTest" name="testEmptyCredentials" time="6.471"/>
  <testcase classname="com.orangehrm.test.LoginTest" name="testEmptyCredentials" time="6.763"/>
</testsuite> <!-- com.orangehrm.test.LoginTest -->
