<?xml version="1.0" encoding="UTF-8"?>
<!-- Generated by org.testng.reporters.JUnitReportReporter -->
<testsuite hostname="chethan" failures="0" tests="1" name="com.restapi.test.CreateBookingTest" time="7.714" errors="0" timestamp="2025-05-03T08:20:50 IST" skipped="0">
  <testcase classname="com.restapi.test.CreateBookingTest" name="createBookingTest" time="7.714"/>
</testsuite> <!-- com.restapi.test.CreateBookingTest -->
