<?xml version="1.0" encoding="UTF-8"?>
<!-- Generated by org.testng.reporters.JUnitReportReporter -->
<testsuite hostname="chethan" failures="0" tests="1" name="com.automation.tests.BookListTest" time="21.840" errors="0" timestamp="2025-05-13T09:33:58 IST" skipped="0">
  <testcase classname="com.automation.tests.BookListTest" name="getBookList" time="21.840"/>
</testsuite> <!-- com.automation.tests.BookListTest -->
