<?xml version="1.0" encoding="UTF-8"?>
<!-- Generated by org.testng.reporters.JUnitReportReporter -->
<testsuite hostname="INLEN8520082468" failures="0" tests="1" name="com.restapi.test.AddBookTest" time="4.238" errors="0" timestamp="2025-04-20T23:22:38 IST" skipped="0">
  <testcase classname="com.restapi.test.AddBookTest" name="addBook" time="4.238"/>
</testsuite> <!-- com.restapi.test.AddBookTest -->
