<?xml version="1.0" encoding="UTF-8"?>
<!-- Generated by org.testng.reporters.JUnitReportReporter -->
<testsuite hostname="chethan" failures="0" tests="1" name="com.restapi.test.GetAllBooks" time="4.213" errors="0" timestamp="2025-05-06T22:25:39 IST" skipped="0">
  <testcase classname="com.restapi.test.GetAllBooks" name="getAllBooks" time="4.213"/>
</testsuite> <!-- com.restapi.test.GetAllBooks -->
