<?xml version="1.0" encoding="UTF-8"?>
<!-- Generated by org.testng.reporters.JUnitReportReporter -->
<testsuite hostname="INLEN8520082468" failures="0" tests="1" name="com.restapi.test.CreateUserTest" time="3.123" errors="0" timestamp="2025-04-24T16:07:04 IST" skipped="0">
  <testcase classname="com.restapi.test.CreateUserTest" name="createUser" time="3.123"/>
</testsuite> <!-- com.restapi.test.CreateUserTest -->
