<?xml version="1.0" encoding="UTF-8"?>
<!-- Generated by org.testng.reporters.JUnitReportReporter -->
<testsuite hostname="chethan" failures="0" tests="1" name="com.automation.tests.LoginTest" time="99.676" errors="0" timestamp="2025-05-13T09:02:14 IST" skipped="0">
  <testcase classname="com.automation.tests.LoginTest" name="testLogin" time="99.676"/>
</testsuite> <!-- com.automation.tests.LoginTest -->
