<?xml version="1.0" encoding="UTF-8"?>
<!-- Generated by org.testng.reporters.JUnitReportReporter -->
<testsuite hostname="chethan" failures="0" tests="1" name="com.restapi.test.UpdateBookTest" time="8.672" errors="0" timestamp="2025-05-03T09:10:20 IST" skipped="0">
  <testcase classname="com.restapi.test.UpdateBookTest" name="updateBooking" time="8.672"/>
</testsuite> <!-- com.restapi.test.UpdateBookTest -->
