<?xml version="1.0" encoding="UTF-8"?>
<!-- Generated by org.testng.reporters.JUnitReportReporter -->
<testsuite hostname="chethan" failures="0" tests="1" name="com.automation.tests.GoogleSearchTest" time="7.088" errors="0" timestamp="2025-03-30T12:28:32 IST" skipped="0">
  <testcase classname="com.automation.tests.GoogleSearchTest" name="searchTest" time="7.088"/>
</testsuite> <!-- com.automation.tests.GoogleSearchTest -->
