<?xml version="1.0" encoding="UTF-8"?>
<!-- Generated by org.testng.reporters.JUnitReportReporter -->
<testsuite hostname="chethan" failures="0" tests="2" name="com.automation.tests.BookListTest" time="19.228" errors="0" timestamp="2025-04-04T01:40:30 IST" skipped="0">
  <testcase classname="com.automation.tests.BookListTest" name="getBookList" time="9.939"/>
  <testcase classname="com.automation.tests.BookListTest" name="getBookList" time="9.289"/>
</testsuite> <!-- com.automation.tests.BookListTest -->
