<?xml version="1.0" encoding="UTF-8"?>
<!-- Generated by org.testng.reporters.JUnitReportReporter -->
<<<<<<< HEAD
<testsuite hostname="INLEN8520082468" failures="0" tests="2" name="com.automation.tests.BookListTest" time="44.351" errors="0" timestamp="2025-04-10T11:48:11 IST" skipped="0">
  <testcase classname="com.automation.tests.BookListTest" name="getBookList" time="34.859"/>
  <testcase classname="com.automation.tests.BookListTest" name="getBookList" time="9.492"/>
=======
<testsuite hostname="chethan" failures="0" tests="1" name="com.automation.tests.BookListTest" time="16.084" errors="0" timestamp="2025-04-12T10:28:43 IST" skipped="0">
  <testcase classname="com.automation.tests.BookListTest" name="getBookList" time="16.084"/>
>>>>>>> branch 'master' of https://github.com/dinesh-reddy-ys/Cinderella
</testsuite> <!-- com.automation.tests.BookListTest -->
