<?xml version="1.0" encoding="UTF-8"?>
<!-- Generated by org.testng.reporters.JUnitReportReporter -->
<testsuite hostname="chethan" failures="0" tests="2" name="com.automation.tests.BookListTest" time="22.852" errors="0" timestamp="2025-04-08T11:55:17 IST" skipped="0">
  <testcase classname="com.automation.tests.BookListTest" name="getBookList" time="11.384"/>
  <testcase classname="com.automation.tests.BookListTest" name="getBookList" time="11.468"/>
</testsuite> <!-- com.automation.tests.BookListTest -->
