<?xml version="1.0" encoding="UTF-8"?>
<!-- Generated by org.testng.reporters.JUnitReportReporter -->
<testsuite hostname="chethan" failures="0" tests="1" name="com.orangehrm.test.LoginTest" time="23.436" errors="0" timestamp="2025-05-11T09:01:51 IST" skipped="0">
  <testcase classname="com.orangehrm.test.LoginTest" name="testValidLogin" time="23.436"/>
</testsuite> <!-- com.orangehrm.test.LoginTest -->
