<?xml version="1.0" encoding="UTF-8"?>
<!-- Generated by org.testng.reporters.JUnitReportReporter -->
<testsuite hostname="chethan" failures="0" tests="1" name="com.restapi.test.DeleteBooking" time="8.018" errors="0" timestamp="2025-05-03T10:39:20 IST" skipped="0">
  <testcase classname="com.restapi.test.DeleteBooking" name="deleteBooking" time="8.018"/>
</testsuite> <!-- com.restapi.test.DeleteBooking -->
