<?xml version="1.0" encoding="UTF-8"?>
<!-- Generated by org.testng.reporters.JUnitReportReporter -->
<testsuite hostname="chethan" failures="0" tests="1" name="mobile.tests.LoginTest" time="15.444" errors="0" timestamp="2025-04-27T11:06:49 IST" skipped="0">
  <testcase classname="mobile.tests.LoginTest" name="testLogin" time="15.444"/>
</testsuite> <!-- mobile.tests.LoginTest -->
