<?xml version="1.0" encoding="UTF-8"?>
<!-- Generated by org.testng.reporters.JUnitReportReporter -->
<testsuite hostname="INLEN8520082468" failures="0" tests="1" name="com.restapi.test.GetAllBooks" time="2.689" errors="0" timestamp="2025-04-24T15:35:26 IST" skipped="0">
  <testcase classname="com.restapi.test.GetAllBooks" name="getAllBooks" time="2.689"/>
</testsuite> <!-- com.restapi.test.GetAllBooks -->
