<?xml version="1.0" encoding="UTF-8"?>
<!-- Generated by org.testng.reporters.JUnitReportReporter -->
<testsuite hostname="chethan" failures="0" tests="1" name="com.automation.tests.BookListTest" time="213.562" errors="0" timestamp="2025-05-03T22:17:58 IST" skipped="0">
  <testcase classname="com.automation.tests.BookListTest" name="getBookList" time="213.562"/>
</testsuite> <!-- com.automation.tests.BookListTest -->
